Started GET "/" for 127.0.0.1 at 2018-09-04 21:39:04 +0530
Processing by Rails::WelcomeController#index as HTML
  Rendering /home/adhitya/.rvm/gems/ruby-2.5.1/gems/railties-5.2.1/lib/rails/templates/rails/welcome/index.html.erb
  Rendered /home/adhitya/.rvm/gems/ruby-2.5.1/gems/railties-5.2.1/lib/rails/templates/rails/welcome/index.html.erb (20.7ms)
Completed 200 OK in 88ms (Views: 40.1ms | ActiveRecord: 0.0ms)


Started GET "/articles/new" for 127.0.0.1 at 2018-09-04 21:47:56 +0530
Processing by ArticlesController#new as HTML
  Rendering articles/new.html.erb within layouts/application
  Rendered articles/new.html.erb within layouts/application (102.0ms)
Completed 200 OK in 3781ms (Views: 3737.2ms | ActiveRecord: 0.0ms)


  [1m[35m (0.2ms)[0m  [1m[34mSELECT sqlite_version(*)[0m
  ↳ bin/rails:9
  [1m[35m (19.5ms)[0m  [1m[35mCREATE TABLE "schema_migrations" ("version" varchar NOT NULL PRIMARY KEY)[0m
  ↳ bin/rails:9
  [1m[35m (8.4ms)[0m  [1m[35mCREATE TABLE "ar_internal_metadata" ("key" varchar NOT NULL PRIMARY KEY, "value" varchar, "created_at" datetime NOT NULL, "updated_at" datetime NOT NULL)[0m
  ↳ bin/rails:9
  [1m[35m (0.3ms)[0m  [1m[34mSELECT "schema_migrations"."version" FROM "schema_migrations" ORDER BY "schema_migrations"."version" ASC[0m
  ↳ bin/rails:9
Migrating to CreateArticles (20180904162023)
  [1m[35m (0.1ms)[0m  [1m[36mbegin transaction[0m
  ↳ bin/rails:9
  [1m[35m (3.7ms)[0m  [1m[35mCREATE TABLE "articles" ("id" integer PRIMARY KEY AUTOINCREMENT NOT NULL, "title" varchar, "text" text, "created_at" datetime NOT NULL, "updated_at" datetime NOT NULL)[0m
  ↳ db/migrate/20180904162023_create_articles.rb:3
  [1m[36mActiveRecord::SchemaMigration Create (7.7ms)[0m  [1m[32mINSERT INTO "schema_migrations" ("version") VALUES (?)[0m  [["version", "20180904162023"]]
  ↳ bin/rails:9
  [1m[35m (6.5ms)[0m  [1m[36mcommit transaction[0m
  ↳ bin/rails:9
  [1m[36mActiveRecord::InternalMetadata Load (0.4ms)[0m  [1m[34mSELECT  "ar_internal_metadata".* FROM "ar_internal_metadata" WHERE "ar_internal_metadata"."key" = ? LIMIT ?[0m  [["key", "environment"], ["LIMIT", 1]]
  ↳ bin/rails:9
  [1m[35m (0.2ms)[0m  [1m[36mbegin transaction[0m
  ↳ bin/rails:9
  [1m[36mActiveRecord::InternalMetadata Create (3.1ms)[0m  [1m[32mINSERT INTO "ar_internal_metadata" ("key", "value", "created_at", "updated_at") VALUES (?, ?, ?, ?)[0m  [["key", "environment"], ["value", "development"], ["created_at", "2018-09-04 16:20:50.132039"], ["updated_at", "2018-09-04 16:20:50.132039"]]
  ↳ bin/rails:9
  [1m[35m (6.8ms)[0m  [1m[36mcommit transaction[0m
  ↳ bin/rails:9
  [1m[35m (0.2ms)[0m  [1m[34mSELECT "schema_migrations"."version" FROM "schema_migrations" ORDER BY "schema_migrations"."version" ASC[0m
  ↳ bin/rails:9
Started POST "/articles" for 127.0.0.1 at 2018-09-04 21:54:55 +0530
  [1m[35m (0.3ms)[0m  [1m[34mSELECT "schema_migrations"."version" FROM "schema_migrations" ORDER BY "schema_migrations"."version" ASC[0m
  ↳ /home/adhitya/.rvm/gems/ruby-2.5.1/gems/activerecord-5.2.1/lib/active_record/log_subscriber.rb:98
Processing by ArticlesController#create as HTML
  Parameters: {"utf8"=>"✓", "authenticity_token"=>"u5v6O+Y3HjTyWT+pKfSYFFbgovan2SaFpO7XNvdJ3AeovVtDA0+ut0XNQNs+9hWd2D5rGtav8oU6WWYzZhW5Bw==", "article"=>{"title"=>"rails", "text"=>"ruby on rails"}, "commit"=>"Save Article"}
  [1m[35m (0.1ms)[0m  [1m[36mbegin transaction[0m
  ↳ app/controllers/articles_controller.rb:12
  [1m[36mArticle Create (3.3ms)[0m  [1m[32mINSERT INTO "articles" ("title", "text", "created_at", "updated_at") VALUES (?, ?, ?, ?)[0m  [["title", "rails"], ["text", "ruby on rails"], ["created_at", "2018-09-04 16:24:56.727942"], ["updated_at", "2018-09-04 16:24:56.727942"]]
  ↳ app/controllers/articles_controller.rb:12
  [1m[35m (5.9ms)[0m  [1m[36mcommit transaction[0m
  ↳ app/controllers/articles_controller.rb:12
Redirected to http://localhost:3000/articles/1
Completed 302 Found in 125ms (ActiveRecord: 14.3ms)


Started GET "/articles/1" for 127.0.0.1 at 2018-09-04 21:54:56 +0530
Processing by ArticlesController#show as HTML
  Parameters: {"id"=>"1"}
  [1m[36mArticle Load (0.4ms)[0m  [1m[34mSELECT  "articles".* FROM "articles" WHERE "articles"."id" = ? LIMIT ?[0m  [["id", 1], ["LIMIT", 1]]
  ↳ app/controllers/articles_controller.rb:6
  Rendering articles/show.html.erb within layouts/application
  Rendered articles/show.html.erb within layouts/application (4.7ms)
Completed 200 OK in 1108ms (Views: 1082.7ms | ActiveRecord: 0.4ms)


Started GET "/articles/1" for 127.0.0.1 at 2018-09-04 21:55:12 +0530
Processing by ArticlesController#show as HTML
  Parameters: {"id"=>"1"}
  [1m[36mArticle Load (0.3ms)[0m  [1m[34mSELECT  "articles".* FROM "articles" WHERE "articles"."id" = ? LIMIT ?[0m  [["id", 1], ["LIMIT", 1]]
  ↳ app/controllers/articles_controller.rb:6
  Rendering articles/show.html.erb within layouts/application
  Rendered articles/show.html.erb within layouts/application (0.8ms)
Completed 200 OK in 146ms (Views: 133.1ms | ActiveRecord: 0.3ms)


Started GET "/articles" for 127.0.0.1 at 2018-09-04 21:57:57 +0530
Processing by ArticlesController#index as HTML
  Rendering articles/index.html.erb within layouts/application
  [1m[36mArticle Load (0.3ms)[0m  [1m[34mSELECT "articles".* FROM "articles"[0m
  ↳ app/views/articles/index.html.erb:9
  Rendered articles/index.html.erb within layouts/application (44.3ms)
Completed 200 OK in 157ms (Views: 142.5ms | ActiveRecord: 6.0ms)


Started GET "/articles/1" for 127.0.0.1 at 2018-09-04 21:58:01 +0530
Processing by ArticlesController#show as HTML
  Parameters: {"id"=>"1"}
  [1m[36mArticle Load (0.3ms)[0m  [1m[34mSELECT  "articles".* FROM "articles" WHERE "articles"."id" = ? LIMIT ?[0m  [["id", 1], ["LIMIT", 1]]
  ↳ app/controllers/articles_controller.rb:10
  Rendering articles/show.html.erb within layouts/application
  Rendered articles/show.html.erb within layouts/application (0.9ms)
Completed 200 OK in 127ms (Views: 113.7ms | ActiveRecord: 0.3ms)


Started GET "/articles/new" for 127.0.0.1 at 2018-09-04 22:03:55 +0530
Processing by ArticlesController#new as HTML
  Rendering articles/new.html.erb within layouts/application
  Rendered articles/new.html.erb within layouts/application (31.4ms)
Completed 500 Internal Server Error in 57ms (ActiveRecord: 0.0ms)


  
ActionView::Template::Error (undefined method `errors' for nil:NilClass):
    1: <%= form_with scope: :article, url: articles_path, local: true do |form| %>
    2:  
    3:   <% if @article.errors.any? %>
    4:     <div id="error_explanation">
    5:       <h2>
    6:         <%= pluralize(@article.errors.count, "error") %> prohibited
  
app/views/articles/new.html.erb:3:in `block in _app_views_articles_new_html_erb___606741198808277462_70296216309880'
app/views/articles/new.html.erb:1:in `_app_views_articles_new_html_erb___606741198808277462_70296216309880'
Started GET "/articles/" for 127.0.0.1 at 2018-09-04 22:06:18 +0530
Processing by ArticlesController#index as HTML
  Rendering articles/index.html.erb within layouts/application
  [1m[36mArticle Load (0.3ms)[0m  [1m[34mSELECT "articles".* FROM "articles"[0m
  ↳ app/views/articles/index.html.erb:9
  Rendered articles/index.html.erb within layouts/application (49.2ms)
Completed 200 OK in 379ms (Views: 168.9ms | ActiveRecord: 13.9ms)


Started GET "/articles/new" for 127.0.0.1 at 2018-09-04 22:06:24 +0530
Processing by ArticlesController#new as HTML
  Rendering articles/new.html.erb within layouts/application
  Rendered articles/new.html.erb within layouts/application (20.3ms)
Completed 500 Internal Server Error in 37ms (ActiveRecord: 0.0ms)


  
ActionView::Template::Error (undefined method `errors' for nil:NilClass):
    1: <%= form_with scope: :article, url: articles_path, local: true do |form| %>
    2:  
    3:   <% if @article.errors.any? %>
    4:     <div id="error_explanation">
    5:       <h2>
    6:         <%= pluralize(@article.errors.count, "error") %> prohibited
  
app/views/articles/new.html.erb:3:in `block in _app_views_articles_new_html_erb___606741198808277462_70296217130580'
app/views/articles/new.html.erb:1:in `_app_views_articles_new_html_erb___606741198808277462_70296217130580'
Started GET "/articles/new" for 127.0.0.1 at 2018-09-04 22:07:45 +0530
Processing by ArticlesController#new as HTML
  Rendering articles/new.html.erb within layouts/application
  Rendered articles/new.html.erb within layouts/application (10.9ms)
Completed 500 Internal Server Error in 44ms (ActiveRecord: 0.0ms)


  
ActionView::Template::Error (undefined method `errors' for nil:NilClass):
    1: <%= form_with scope: :article, url: articles_path, local: true do |form| %>
    2:  
    3:   <% if @article.errors.any? %>
    4:     <div id="error_explanation">
    5:       <h2>
    6:         <%= pluralize(@article.errors.count, "error") %> prohibited
  
app/views/articles/new.html.erb:3:in `block in _app_views_articles_new_html_erb___606741198808277462_70296234342520'
app/views/articles/new.html.erb:1:in `_app_views_articles_new_html_erb___606741198808277462_70296234342520'
Started GET "/articles/new" for 127.0.0.1 at 2018-09-04 22:08:23 +0530
Processing by ArticlesController#new as HTML
  Rendering articles/new.html.erb within layouts/application
  Rendered articles/new.html.erb within layouts/application (2.0ms)
Completed 500 Internal Server Error in 29ms (ActiveRecord: 0.0ms)


  
SyntaxError (/home/adhitya/Desktop/blog/app/views/articles/new.html.erb:35: syntax error, unexpected keyword_ensure, expecting end-of-input
          ensure
          ^~~~~~):
  
app/views/articles/new.html.erb:35: syntax error, unexpected keyword_ensure, expecting end-of-input
Started GET "/articles/new" for 127.0.0.1 at 2018-09-04 22:08:58 +0530
Processing by ArticlesController#new as HTML
  Rendering articles/new.html.erb within layouts/application
  Rendered articles/new.html.erb within layouts/application (19.6ms)
Completed 500 Internal Server Error in 59ms (ActiveRecord: 0.0ms)


  
ActionView::Template::Error (undefined method `errors' for nil:NilClass):
    3:   
    4:     <div id="error_explanation">
    5:       <h2>
    6:         <%= pluralize(@article.errors.count, "error") %> prohibited
    7:         this article from being saved:
    8:       </h2>
    9:       <ul>
  
app/views/articles/new.html.erb:6:in `block in _app_views_articles_new_html_erb___606741198808277462_34225920'
app/views/articles/new.html.erb:1:in `_app_views_articles_new_html_erb___606741198808277462_34225920'
Started GET "/articles/new" for 127.0.0.1 at 2018-09-04 22:09:12 +0530
Processing by ArticlesController#new as HTML
  Rendering articles/new.html.erb within layouts/application
  Rendered articles/new.html.erb within layouts/application (178.9ms)
Completed 200 OK in 296ms (Views: 287.5ms | ActiveRecord: 0.0ms)


Started POST "/articles" for 127.0.0.1 at 2018-09-04 22:09:19 +0530
Processing by ArticlesController#create as HTML
  Parameters: {"utf8"=>"✓", "authenticity_token"=>"rVhzKvYvV20G/hwZbKo0pn1TgEljqUbiORv0DVMGm3e+ftJSE1fn7rFqY2t7qLkv841JpRLfkuKnrEUIwlr+dw==", "article"=>{"title"=>"cjsjkscs", "text"=>"mclxs"}, "commit"=>"Save Article"}
  [1m[35m (0.1ms)[0m  [1m[36mbegin transaction[0m
  ↳ app/controllers/articles_controller.rb:16
  [1m[36mArticle Create (3.9ms)[0m  [1m[32mINSERT INTO "articles" ("title", "text", "created_at", "updated_at") VALUES (?, ?, ?, ?)[0m  [["title", "cjsjkscs"], ["text", "mclxs"], ["created_at", "2018-09-04 16:39:19.546549"], ["updated_at", "2018-09-04 16:39:19.546549"]]
  ↳ app/controllers/articles_controller.rb:16
  [1m[35m (12.5ms)[0m  [1m[36mcommit transaction[0m
  ↳ app/controllers/articles_controller.rb:16
Redirected to http://localhost:3000/articles/2
Completed 302 Found in 43ms (ActiveRecord: 16.5ms)


Started GET "/articles/2" for 127.0.0.1 at 2018-09-04 22:09:19 +0530
Processing by ArticlesController#show as HTML
  Parameters: {"id"=>"2"}
  [1m[36mArticle Load (0.4ms)[0m  [1m[34mSELECT  "articles".* FROM "articles" WHERE "articles"."id" = ? LIMIT ?[0m  [["id", 2], ["LIMIT", 1]]
  ↳ app/controllers/articles_controller.rb:10
  Rendering articles/show.html.erb within layouts/application
  Rendered articles/show.html.erb within layouts/application (1.0ms)
Completed 200 OK in 163ms (Views: 154.7ms | ActiveRecord: 0.4ms)


Started GET "/articles" for 127.0.0.1 at 2018-09-04 22:09:23 +0530
Processing by ArticlesController#index as HTML
  Rendering articles/index.html.erb within layouts/application
  [1m[36mArticle Load (0.3ms)[0m  [1m[34mSELECT "articles".* FROM "articles"[0m
  ↳ app/views/articles/index.html.erb:9
  Rendered articles/index.html.erb within layouts/application (12.7ms)
Completed 200 OK in 152ms (Views: 145.6ms | ActiveRecord: 0.3ms)


Started GET "/articles/new" for 127.0.0.1 at 2018-09-04 22:09:25 +0530
Processing by ArticlesController#new as HTML
  Rendering articles/new.html.erb within layouts/application
  Rendered articles/new.html.erb within layouts/application (3.0ms)
Completed 200 OK in 123ms (Views: 118.4ms | ActiveRecord: 0.0ms)


Started POST "/articles" for 127.0.0.1 at 2018-09-04 22:09:30 +0530
Processing by ArticlesController#create as HTML
  Parameters: {"utf8"=>"✓", "authenticity_token"=>"oGWwRVXYj402rGdyV2/Ug9aVc8f7EJObbjKJopqLcf6DOulw7+BphiEzoJpe/I1sOb8A44+1i76fgUkGEQBK9w==", "article"=>{"title"=>"", "text"=>""}, "commit"=>"Save Article"}
  [1m[35m (0.1ms)[0m  [1m[36mbegin transaction[0m
  ↳ app/controllers/articles_controller.rb:16
  [1m[35m (0.2ms)[0m  [1m[31mrollback transaction[0m
  ↳ app/controllers/articles_controller.rb:16
  Rendering articles/new.html.erb within layouts/application
  Rendered articles/new.html.erb within layouts/application (7.8ms)
Completed 200 OK in 145ms (Views: 128.8ms | ActiveRecord: 0.3ms)


Started POST "/articles" for 127.0.0.1 at 2018-09-04 22:09:33 +0530
Processing by ArticlesController#create as HTML
  Parameters: {"utf8"=>"✓", "authenticity_token"=>"/c5a+i69VYvjJA3lqcha5Y6nwiRPKEVT/1trf/0Bkd3u6PuCy8XlCFSwcpe+ytdsAHkLyD5ekVNh7Np6bF303Q==", "article"=>{"title"=>"", "text"=>""}, "commit"=>"Save Article"}
  [1m[35m (0.1ms)[0m  [1m[36mbegin transaction[0m
  ↳ app/controllers/articles_controller.rb:16
  [1m[35m (0.1ms)[0m  [1m[31mrollback transaction[0m
  ↳ app/controllers/articles_controller.rb:16
  Rendering articles/new.html.erb within layouts/application
  Rendered articles/new.html.erb within layouts/application (3.4ms)
Completed 200 OK in 147ms (Views: 129.4ms | ActiveRecord: 0.2ms)


Started POST "/articles" for 127.0.0.1 at 2018-09-04 22:09:46 +0530
Processing by ArticlesController#create as HTML
  Parameters: {"utf8"=>"✓", "authenticity_token"=>"h/qAxMXZF+WalDSPI6etRBMjwLXLjcBRSvxgc2JePHiU3CG8IKGnZi0AS/00pSDNnf0JWbr7FFHUS9F28wJZeA==", "article"=>{"title"=>"cascscds", "text"=>"cdscds"}, "commit"=>"Save Article"}
  [1m[35m (0.1ms)[0m  [1m[36mbegin transaction[0m
  ↳ app/controllers/articles_controller.rb:16
  [1m[36mArticle Create (6.2ms)[0m  [1m[32mINSERT INTO "articles" ("title", "text", "created_at", "updated_at") VALUES (?, ?, ?, ?)[0m  [["title", "cascscds"], ["text", "cdscds"], ["created_at", "2018-09-04 16:39:46.449588"], ["updated_at", "2018-09-04 16:39:46.449588"]]
  ↳ app/controllers/articles_controller.rb:16
  [1m[35m (5.4ms)[0m  [1m[36mcommit transaction[0m
  ↳ app/controllers/articles_controller.rb:16
Redirected to http://localhost:3000/articles/3
Completed 302 Found in 39ms (ActiveRecord: 11.7ms)


Started GET "/articles/3" for 127.0.0.1 at 2018-09-04 22:09:46 +0530
Processing by ArticlesController#show as HTML
  Parameters: {"id"=>"3"}
  [1m[36mArticle Load (0.3ms)[0m  [1m[34mSELECT  "articles".* FROM "articles" WHERE "articles"."id" = ? LIMIT ?[0m  [["id", 3], ["LIMIT", 1]]
  ↳ app/controllers/articles_controller.rb:10
  Rendering articles/show.html.erb within layouts/application
  Rendered articles/show.html.erb within layouts/application (1.0ms)
Completed 200 OK in 126ms (Views: 118.7ms | ActiveRecord: 0.3ms)


Started GET "/articles" for 127.0.0.1 at 2018-09-04 22:09:50 +0530
Processing by ArticlesController#index as HTML
  Rendering articles/index.html.erb within layouts/application
  [1m[36mArticle Load (0.3ms)[0m  [1m[34mSELECT "articles".* FROM "articles"[0m
  ↳ app/views/articles/index.html.erb:9
  Rendered articles/index.html.erb within layouts/application (15.4ms)
Completed 200 OK in 177ms (Views: 170.4ms | ActiveRecord: 0.3ms)


Started GET "/articles" for 127.0.0.1 at 2018-09-04 22:09:53 +0530
Processing by ArticlesController#index as HTML
  Rendering articles/index.html.erb within layouts/application
  [1m[36mArticle Load (0.3ms)[0m  [1m[34mSELECT "articles".* FROM "articles"[0m
  ↳ app/views/articles/index.html.erb:9
  Rendered articles/index.html.erb within layouts/application (11.0ms)
Completed 200 OK in 126ms (Views: 119.8ms | ActiveRecord: 0.3ms)


Started GET "/articles" for 127.0.0.1 at 2018-09-04 22:09:55 +0530
Processing by ArticlesController#index as HTML
  Rendering articles/index.html.erb within layouts/application
  [1m[36mArticle Load (0.3ms)[0m  [1m[34mSELECT "articles".* FROM "articles"[0m
  ↳ app/views/articles/index.html.erb:9
  Rendered articles/index.html.erb within layouts/application (12.2ms)
Completed 200 OK in 129ms (Views: 126.9ms | ActiveRecord: 0.3ms)


Started GET "/articles/1" for 127.0.0.1 at 2018-09-04 22:14:13 +0530
Processing by ArticlesController#show as HTML
  Parameters: {"id"=>"1"}
  [1m[36mArticle Load (0.5ms)[0m  [1m[34mSELECT  "articles".* FROM "articles" WHERE "articles"."id" = ? LIMIT ?[0m  [["id", 1], ["LIMIT", 1]]
  ↳ app/controllers/articles_controller.rb:10
  Rendering articles/show.html.erb within layouts/application
  Rendered articles/show.html.erb within layouts/application (1.5ms)
Completed 200 OK in 207ms (Views: 138.6ms | ActiveRecord: 9.1ms)


Started GET "/articles/1/edit" for 127.0.0.1 at 2018-09-04 22:14:15 +0530
Processing by ArticlesController#edit as HTML
  Parameters: {"id"=>"1"}
  [1m[36mArticle Load (0.2ms)[0m  [1m[34mSELECT  "articles".* FROM "articles" WHERE "articles"."id" = ? LIMIT ?[0m  [["id", 1], ["LIMIT", 1]]
  ↳ app/controllers/articles_controller.rb:14
  Rendering articles/edit.html.erb within layouts/application
  Rendered articles/edit.html.erb within layouts/application (11.4ms)
Completed 200 OK in 167ms (Views: 152.5ms | ActiveRecord: 0.2ms)


Started PATCH "/articles/1" for 127.0.0.1 at 2018-09-04 22:14:26 +0530
Processing by ArticlesController#update as HTML
  Parameters: {"utf8"=>"✓", "authenticity_token"=>"ewhccGBz287p8t2ITU06+c6VYK7I+fi2djO9R303mwfqE/v13ohOknMQv25k2ADIeAhA0Vdi+AHrnMjbiAHRhw==", "article"=>{"title"=>"rails", "text"=>"ruby on rails updated"}, "commit"=>"Update Article", "id"=>"1"}
  [1m[36mArticle Load (0.2ms)[0m  [1m[34mSELECT  "articles".* FROM "articles" WHERE "articles"."id" = ? LIMIT ?[0m  [["id", 1], ["LIMIT", 1]]
  ↳ app/controllers/articles_controller.rb:28
  [1m[35m (0.1ms)[0m  [1m[36mbegin transaction[0m
  ↳ app/controllers/articles_controller.rb:30
  [1m[36mArticle Update (5.1ms)[0m  [1m[33mUPDATE "articles" SET "text" = ?, "updated_at" = ? WHERE "articles"."id" = ?[0m  [["text", "ruby on rails updated"], ["updated_at", "2018-09-04 16:44:26.993577"], ["id", 1]]
  ↳ app/controllers/articles_controller.rb:30
  [1m[35m (5.5ms)[0m  [1m[36mcommit transaction[0m
  ↳ app/controllers/articles_controller.rb:30
Redirected to http://localhost:3000/articles/1
Completed 302 Found in 59ms (ActiveRecord: 11.0ms)


Started GET "/articles/1" for 127.0.0.1 at 2018-09-04 22:14:27 +0530
Processing by ArticlesController#show as HTML
  Parameters: {"id"=>"1"}
  [1m[36mArticle Load (0.2ms)[0m  [1m[34mSELECT  "articles".* FROM "articles" WHERE "articles"."id" = ? LIMIT ?[0m  [["id", 1], ["LIMIT", 1]]
  ↳ app/controllers/articles_controller.rb:10
  Rendering articles/show.html.erb within layouts/application
  Rendered articles/show.html.erb within layouts/application (3.8ms)
Completed 200 OK in 183ms (Views: 173.4ms | ActiveRecord: 0.2ms)


Started GET "/articles" for 127.0.0.1 at 2018-09-04 22:23:43 +0530
Processing by ArticlesController#index as HTML
  Rendering articles/index.html.erb within layouts/application
  [1m[36mArticle Load (0.4ms)[0m  [1m[34mSELECT "articles".* FROM "articles"[0m
  ↳ app/views/articles/index.html.erb:11
  Rendered articles/index.html.erb within layouts/application (41.6ms)
Completed 200 OK in 158ms (Views: 143.9ms | ActiveRecord: 1.8ms)


Started DELETE "/articles/2" for 127.0.0.1 at 2018-09-04 22:23:49 +0530
Processing by ArticlesController#destroy as HTML
  Parameters: {"authenticity_token"=>"W9J1bZPx0ZrQHIVKrSxosHDKPNcg5yunBj0r1dlDYe9I9NQVdolhGWeI+ji6LuU5/hT1O1GR/6eYiprQSB8E7w==", "id"=>"2"}
  [1m[36mArticle Load (0.5ms)[0m  [1m[34mSELECT  "articles".* FROM "articles" WHERE "articles"."id" = ? LIMIT ?[0m  [["id", 2], ["LIMIT", 1]]
  ↳ app/controllers/articles_controller.rb:39
  [1m[35m (0.2ms)[0m  [1m[36mbegin transaction[0m
  ↳ app/controllers/articles_controller.rb:40
  [1m[36mArticle Destroy (2.8ms)[0m  [1m[31mDELETE FROM "articles" WHERE "articles"."id" = ?[0m  [["id", 2]]
  ↳ app/controllers/articles_controller.rb:40
  [1m[35m (23.1ms)[0m  [1m[36mcommit transaction[0m
  ↳ app/controllers/articles_controller.rb:40
Redirected to http://localhost:3000/articles
Completed 302 Found in 77ms (ActiveRecord: 26.5ms)


Started GET "/articles" for 127.0.0.1 at 2018-09-04 22:23:49 +0530
Processing by ArticlesController#index as HTML
  Rendering articles/index.html.erb within layouts/application
  [1m[36mArticle Load (0.3ms)[0m  [1m[34mSELECT "articles".* FROM "articles"[0m
  ↳ app/views/articles/index.html.erb:11
  Rendered articles/index.html.erb within layouts/application (10.0ms)
Completed 200 OK in 172ms (Views: 169.2ms | ActiveRecord: 0.3ms)


Started DELETE "/articles/3" for 127.0.0.1 at 2018-09-04 22:23:53 +0530
Processing by ArticlesController#destroy as HTML
  Parameters: {"authenticity_token"=>"/KzslpjL5b4I8gDsDZ/FCrlNUJnGF/TNeQysx5mXS3/vik3ufbNVPb9mf54anUiDN5OZdbdhIM3nux3CCMsufw==", "id"=>"3"}
  [1m[36mArticle Load (0.2ms)[0m  [1m[34mSELECT  "articles".* FROM "articles" WHERE "articles"."id" = ? LIMIT ?[0m  [["id", 3], ["LIMIT", 1]]
  ↳ app/controllers/articles_controller.rb:39
  [1m[35m (0.1ms)[0m  [1m[36mbegin transaction[0m
  ↳ app/controllers/articles_controller.rb:40
  [1m[36mArticle Destroy (5.9ms)[0m  [1m[31mDELETE FROM "articles" WHERE "articles"."id" = ?[0m  [["id", 3]]
  ↳ app/controllers/articles_controller.rb:40
  [1m[35m (13.1ms)[0m  [1m[36mcommit transaction[0m
  ↳ app/controllers/articles_controller.rb:40
Redirected to http://localhost:3000/articles
Completed 302 Found in 40ms (ActiveRecord: 19.3ms)


Started GET "/articles" for 127.0.0.1 at 2018-09-04 22:23:53 +0530
Processing by ArticlesController#index as HTML
  Rendering articles/index.html.erb within layouts/application
  [1m[36mArticle Load (0.3ms)[0m  [1m[34mSELECT "articles".* FROM "articles"[0m
  ↳ app/views/articles/index.html.erb:11
  Rendered articles/index.html.erb within layouts/application (6.5ms)
Completed 200 OK in 131ms (Views: 128.2ms | ActiveRecord: 0.3ms)


Started GET "/articles/new" for 127.0.0.1 at 2018-09-04 22:23:57 +0530
Processing by ArticlesController#new as HTML
  Rendering articles/new.html.erb within layouts/application
  Rendered articles/_form.html.erb (15.3ms)
  Rendered articles/new.html.erb within layouts/application (22.3ms)
Completed 200 OK in 135ms (Views: 129.0ms | ActiveRecord: 0.0ms)


Started GET "/articles" for 127.0.0.1 at 2018-09-04 22:24:00 +0530
Processing by ArticlesController#index as HTML
  Rendering articles/index.html.erb within layouts/application
  [1m[36mArticle Load (0.3ms)[0m  [1m[34mSELECT "articles".* FROM "articles"[0m
  ↳ app/views/articles/index.html.erb:11
  Rendered articles/index.html.erb within layouts/application (13.2ms)
Completed 200 OK in 169ms (Views: 166.1ms | ActiveRecord: 0.3ms)


  [1m[35m (0.3ms)[0m  [1m[34mSELECT "schema_migrations"."version" FROM "schema_migrations" ORDER BY "schema_migrations"."version" ASC[0m
  ↳ bin/rails:9
Migrating to CreateComments (20180904165613)
  [1m[35m (0.1ms)[0m  [1m[36mbegin transaction[0m
  ↳ bin/rails:9
  [1m[35m (0.2ms)[0m  [1m[34mSELECT sqlite_version(*)[0m
  ↳ db/migrate/20180904165613_create_comments.rb:3
  [1m[35m (2.7ms)[0m  [1m[35mCREATE TABLE "comments" ("id" integer PRIMARY KEY AUTOINCREMENT NOT NULL, "commenter" varchar, "body" text, "article_id" integer, "created_at" datetime NOT NULL, "updated_at" datetime NOT NULL, CONSTRAINT "fk_rails_3bf61a60d3"
FOREIGN KEY ("article_id")
  REFERENCES "articles" ("id")
)[0m
  ↳ db/migrate/20180904165613_create_comments.rb:3
  [1m[35m (0.3ms)[0m  [1m[35mCREATE  INDEX "index_comments_on_article_id" ON "comments" ("article_id")[0m
  ↳ db/migrate/20180904165613_create_comments.rb:3
  [1m[36mActiveRecord::SchemaMigration Create (0.6ms)[0m  [1m[32mINSERT INTO "schema_migrations" ("version") VALUES (?)[0m  [["version", "20180904165613"]]
  ↳ bin/rails:9
  [1m[35m (9.6ms)[0m  [1m[36mcommit transaction[0m
  ↳ bin/rails:9
  [1m[36mActiveRecord::InternalMetadata Load (0.3ms)[0m  [1m[34mSELECT  "ar_internal_metadata".* FROM "ar_internal_metadata" WHERE "ar_internal_metadata"."key" = ? LIMIT ?[0m  [["key", "environment"], ["LIMIT", 1]]
  ↳ bin/rails:9
  [1m[35m (0.1ms)[0m  [1m[36mbegin transaction[0m
  ↳ bin/rails:9
  [1m[35m (0.1ms)[0m  [1m[36mcommit transaction[0m
  ↳ bin/rails:9
  [1m[35m (0.2ms)[0m  [1m[34mSELECT "schema_migrations"."version" FROM "schema_migrations" ORDER BY "schema_migrations"."version" ASC[0m
  ↳ bin/rails:9
Started GET "/articles" for 127.0.0.1 at 2018-09-04 22:44:42 +0530
  [1m[35m (0.3ms)[0m  [1m[34mSELECT "schema_migrations"."version" FROM "schema_migrations" ORDER BY "schema_migrations"."version" ASC[0m
  ↳ /home/adhitya/.rvm/gems/ruby-2.5.1/gems/activerecord-5.2.1/lib/active_record/log_subscriber.rb:98
Processing by ArticlesController#index as HTML
  Rendering articles/index.html.erb within layouts/application
  [1m[36mArticle Load (0.3ms)[0m  [1m[34mSELECT "articles".* FROM "articles"[0m
  ↳ app/views/articles/index.html.erb:11
  Rendered articles/index.html.erb within layouts/application (72.7ms)
Completed 200 OK in 1889ms (Views: 1827.7ms | ActiveRecord: 3.5ms)


Started GET "/articles/1" for 127.0.0.1 at 2018-09-04 22:45:07 +0530
Processing by ArticlesController#show as HTML
  Parameters: {"id"=>"1"}
  [1m[36mArticle Load (0.3ms)[0m  [1m[34mSELECT  "articles".* FROM "articles" WHERE "articles"."id" = ? LIMIT ?[0m  [["id", 1], ["LIMIT", 1]]
  ↳ app/controllers/articles_controller.rb:7
  Rendering articles/show.html.erb within layouts/application
  Rendered articles/show.html.erb within layouts/application (63.8ms)
Completed 500 Internal Server Error in 200ms (ActiveRecord: 0.3ms)


  
ActionView::Template::Error (undefined method `comments' for #<Article:0x00007ff32c0ee080>
Did you mean?  committed!):
    10: </p>
    11:  
    12: <h2>Comments</h2>
    13: <% @article.comments.each do |comment| %>
    14:   <p>
    15:     <strong>Commenter:</strong>
    16:     <%= comment.commenter %>
  
app/views/articles/show.html.erb:13:in `_app_views_articles_show_html_erb___1537005562791165848_70341196474260'
Started GET "/articles/1" for 127.0.0.1 at 2018-09-04 22:51:49 +0530
Processing by ArticlesController#show as HTML
  Parameters: {"id"=>"1"}
  [1m[36mArticle Load (1.3ms)[0m  [1m[34mSELECT  "articles".* FROM "articles" WHERE "articles"."id" = ? LIMIT ?[0m  [["id", 1], ["LIMIT", 1]]
  ↳ app/controllers/articles_controller.rb:7
  Rendering articles/show.html.erb within layouts/application
  Rendered articles/show.html.erb within layouts/application (222.0ms)
Completed 500 Internal Server Error in 281ms (ActiveRecord: 1.3ms)


  
ActionView::Template::Error (undefined method `comments' for #<Article:0x00007ff319364408>
Did you mean?  committed!):
    10: </p>
    11:  
    12: <h2>Comments</h2>
    13: <%= render @article.comments %>
    14:  
    15: <h2>Add a comment:</h2>
    16: <%= render 'comments/form' %>
  
app/views/articles/show.html.erb:13:in `_app_views_articles_show_html_erb___1537005562791165848_70341038337900'
Started GET "/articles/1" for 127.0.0.1 at 2018-09-04 22:54:45 +0530
Processing by ArticlesController#show as HTML
  Parameters: {"id"=>"1"}
  [1m[36mArticle Load (0.3ms)[0m  [1m[34mSELECT  "articles".* FROM "articles" WHERE "articles"."id" = ? LIMIT ?[0m  [["id", 1], ["LIMIT", 1]]
  ↳ app/controllers/articles_controller.rb:7
  Rendering articles/show.html.erb within layouts/application
  Rendered articles/show.html.erb within layouts/application (57.7ms)
Completed 500 Internal Server Error in 129ms (ActiveRecord: 10.1ms)


  
ActionView::Template::Error (undefined method `comments' for #<Article:0x0000000003ee4f00>
Did you mean?  committed!):
    10: </p>
    11:  
    12: <h2>Comments</h2>
    13: <% @article.comments.each do |comment| %>
    14:   <p>
    15:     <strong>Commenter:</strong>
    16:     <%= comment.commenter %>
  
app/views/articles/show.html.erb:13:in `_app_views_articles_show_html_erb___1537005562791165848_32939020'
Started GET "/articles/" for 127.0.0.1 at 2018-09-04 22:58:57 +0530
Processing by ArticlesController#index as HTML
  Rendering articles/index.html.erb within layouts/application
  [1m[36mArticle Load (0.3ms)[0m  [1m[34mSELECT "articles".* FROM "articles"[0m
  ↳ app/views/articles/index.html.erb:11
  Rendered articles/index.html.erb within layouts/application (37.0ms)
Completed 200 OK in 164ms (Views: 153.4ms | ActiveRecord: 1.6ms)


Started GET "/articles/1" for 127.0.0.1 at 2018-09-04 22:59:02 +0530
Processing by ArticlesController#show as HTML
  Parameters: {"id"=>"1"}
  [1m[36mArticle Load (0.3ms)[0m  [1m[34mSELECT  "articles".* FROM "articles" WHERE "articles"."id" = ? LIMIT ?[0m  [["id", 1], ["LIMIT", 1]]
  ↳ app/controllers/articles_controller.rb:7
  Rendering articles/show.html.erb within layouts/application
  Rendered articles/show.html.erb within layouts/application (70.3ms)
Completed 500 Internal Server Error in 91ms (ActiveRecord: 0.3ms)


  
ActionView::Template::Error (undefined method `comments' for #<Article:0x00007ff319f147f8>
Did you mean?  committed!):
    10: </p>
    11:  
    12: <h2>Comments</h2>
    13: <% @article.comments.each do |comment| %>
    14:   <p>
    15:     <strong>Commenter:</strong>
    16:     <%= comment.commenter %>
  
app/views/articles/show.html.erb:13:in `_app_views_articles_show_html_erb___1537005562791165848_70341044493040'
Started GET "/articles/1" for 127.0.0.1 at 2018-09-04 23:01:31 +0530
Processing by ArticlesController#show as HTML
  Parameters: {"id"=>"1"}
  [1m[36mArticle Load (0.5ms)[0m  [1m[34mSELECT  "articles".* FROM "articles" WHERE "articles"."id" = ? LIMIT ?[0m  [["id", 1], ["LIMIT", 1]]
  ↳ app/controllers/articles_controller.rb:7
  Rendering articles/show.html.erb within layouts/application
  Rendered articles/show.html.erb within layouts/application (94.2ms)
Completed 500 Internal Server Error in 127ms (ActiveRecord: 0.5ms)


  
ActionView::Template::Error (undefined method `comments' for #<Article:0x00000000039a3d98>
Did you mean?  committed!):
    10: </p>
    11:  
    12: <h2>Comments</h2>
    13: <%= render @article.comments %>
    14:  
    15: <h2>Add a comment:</h2>
    16: <%= render 'comments/form' %>
  
app/views/articles/show.html.erb:13:in `_app_views_articles_show_html_erb___1537005562791165848_29785880'
Started GET "/articles/2" for 127.0.0.1 at 2018-09-04 23:01:54 +0530
Processing by ArticlesController#show as HTML
  Parameters: {"id"=>"2"}
  [1m[36mArticle Load (0.2ms)[0m  [1m[34mSELECT  "articles".* FROM "articles" WHERE "articles"."id" = ? LIMIT ?[0m  [["id", 2], ["LIMIT", 1]]
  ↳ app/controllers/articles_controller.rb:7
Completed 404 Not Found in 11ms (ActiveRecord: 0.2ms)


  
ActiveRecord::RecordNotFound (Couldn't find Article with 'id'=2):
  
app/controllers/articles_controller.rb:7:in `show'
Started GET "/articles/" for 127.0.0.1 at 2018-09-04 23:02:05 +0530
Processing by ArticlesController#index as HTML
  Rendering articles/index.html.erb within layouts/application
  [1m[36mArticle Load (0.3ms)[0m  [1m[34mSELECT "articles".* FROM "articles"[0m
  ↳ app/views/articles/index.html.erb:11
  Rendered articles/index.html.erb within layouts/application (10.6ms)
Completed 200 OK in 191ms (Views: 189.1ms | ActiveRecord: 0.3ms)


Started GET "/articles/new" for 127.0.0.1 at 2018-09-04 23:02:08 +0530
Processing by ArticlesController#new as HTML
  Rendering articles/new.html.erb within layouts/application
  Rendered articles/_form.html.erb (127.9ms)
  Rendered articles/new.html.erb within layouts/application (132.0ms)
Completed 200 OK in 274ms (Views: 272.1ms | ActiveRecord: 0.0ms)


Started POST "/articles" for 127.0.0.1 at 2018-09-04 23:02:18 +0530
Processing by ArticlesController#create as HTML
  Parameters: {"utf8"=>"✓", "authenticity_token"=>"nx+nFfJvJTNGzJc9vFyhfSgAKkzkDeo6GNyVSyU9d6K8QP4gSFfDOFFTUNW1z/iSxypZaJCo8h/pb1XvrrZMqw==", "article"=>{"title"=>"adhi", "text"=>"adhitya"}, "commit"=>"Create Article"}
  [1m[35m (0.1ms)[0m  [1m[36mbegin transaction[0m
  ↳ app/controllers/articles_controller.rb:21
  [1m[35m (0.1ms)[0m  [1m[31mrollback transaction[0m
  ↳ app/controllers/articles_controller.rb:21
  Rendering articles/new.html.erb within layouts/application
  Rendered articles/_form.html.erb (9.8ms)
  Rendered articles/new.html.erb within layouts/application (17.0ms)
Completed 200 OK in 195ms (Views: 178.9ms | ActiveRecord: 0.2ms)


Started POST "/articles" for 127.0.0.1 at 2018-09-04 23:02:27 +0530
Processing by ArticlesController#create as HTML
  Parameters: {"utf8"=>"✓", "authenticity_token"=>"jJXq2/GCnzy0wBdg11zFjvBSXoQaFGJsWO75iCln0cSfs0ujFPovvwNUaBLAXkgHfoyXaGtitmzGWUiNuDu0xA==", "article"=>{"title"=>"adhii67", "text"=>"adhitya"}, "commit"=>"Create Article"}
  [1m[35m (0.1ms)[0m  [1m[36mbegin transaction[0m
  ↳ app/controllers/articles_controller.rb:21
  [1m[36mArticle Create (6.2ms)[0m  [1m[32mINSERT INTO "articles" ("title", "text", "created_at", "updated_at") VALUES (?, ?, ?, ?)[0m  [["title", "adhii67"], ["text", "adhitya"], ["created_at", "2018-09-04 17:32:27.643589"], ["updated_at", "2018-09-04 17:32:27.643589"]]
  ↳ app/controllers/articles_controller.rb:21
  [1m[35m (5.3ms)[0m  [1m[36mcommit transaction[0m
  ↳ app/controllers/articles_controller.rb:21
Redirected to http://localhost:3000/articles/4
Completed 302 Found in 42ms (ActiveRecord: 11.7ms)


Started GET "/articles/4" for 127.0.0.1 at 2018-09-04 23:02:27 +0530
Processing by ArticlesController#show as HTML
  Parameters: {"id"=>"4"}
  [1m[36mArticle Load (7.5ms)[0m  [1m[34mSELECT  "articles".* FROM "articles" WHERE "articles"."id" = ? LIMIT ?[0m  [["id", 4], ["LIMIT", 1]]
  ↳ app/controllers/articles_controller.rb:7
  Rendering articles/show.html.erb within layouts/application
  Rendered articles/show.html.erb within layouts/application (80.7ms)
Completed 500 Internal Server Error in 111ms (ActiveRecord: 7.5ms)


  
ActionView::Template::Error (undefined method `comments' for #<Article:0x00007ff3195d2ca8>
Did you mean?  committed!):
    10: </p>
    11:  
    12: <h2>Comments</h2>
    13: <%= render @article.comments %>
    14:  
    15: <h2>Add a comment:</h2>
    16: <%= render 'comments/form' %>
  
app/views/articles/show.html.erb:13:in `_app_views_articles_show_html_erb___1537005562791165848_70341039653000'
Started GET "/articles/4" for 127.0.0.1 at 2018-09-04 23:08:11 +0530
Processing by ArticlesController#show as HTML
  Parameters: {"id"=>"4"}
  [1m[36mArticle Load (0.4ms)[0m  [1m[34mSELECT  "articles".* FROM "articles" WHERE "articles"."id" = ? LIMIT ?[0m  [["id", 4], ["LIMIT", 1]]
  ↳ app/controllers/articles_controller.rb:7
  Rendering articles/show.html.erb within layouts/application
  Rendered articles/show.html.erb within layouts/application (1.1ms)
Completed 200 OK in 231ms (Views: 173.1ms | ActiveRecord: 1.9ms)


Started GET "/articles" for 127.0.0.1 at 2018-09-04 23:08:15 +0530
Processing by ArticlesController#index as HTML
  Rendering articles/index.html.erb within layouts/application
  [1m[36mArticle Load (0.3ms)[0m  [1m[34mSELECT "articles".* FROM "articles"[0m
  ↳ app/views/articles/index.html.erb:11
  Rendered articles/index.html.erb within layouts/application (13.3ms)
Completed 200 OK in 157ms (Views: 154.3ms | ActiveRecord: 0.3ms)


Started GET "/articles/4" for 127.0.0.1 at 2018-09-04 23:08:18 +0530
Processing by ArticlesController#show as HTML
  Parameters: {"id"=>"4"}
  [1m[36mArticle Load (0.2ms)[0m  [1m[34mSELECT  "articles".* FROM "articles" WHERE "articles"."id" = ? LIMIT ?[0m  [["id", 4], ["LIMIT", 1]]
  ↳ app/controllers/articles_controller.rb:7
  Rendering articles/show.html.erb within layouts/application
  Rendered articles/show.html.erb within layouts/application (1.1ms)
Completed 200 OK in 166ms (Views: 159.4ms | ActiveRecord: 0.2ms)


Started GET "/articles" for 127.0.0.1 at 2018-09-04 23:08:20 +0530
Processing by ArticlesController#index as HTML
  Rendering articles/index.html.erb within layouts/application
  [1m[36mArticle Load (0.3ms)[0m  [1m[34mSELECT "articles".* FROM "articles"[0m
  ↳ app/views/articles/index.html.erb:11
  Rendered articles/index.html.erb within layouts/application (13.1ms)
Completed 200 OK in 236ms (Views: 233.2ms | ActiveRecord: 0.3ms)


Started GET "/articles/1/edit" for 127.0.0.1 at 2018-09-04 23:08:21 +0530
Processing by ArticlesController#edit as HTML
  Parameters: {"id"=>"1"}
  [1m[36mArticle Load (0.2ms)[0m  [1m[34mSELECT  "articles".* FROM "articles" WHERE "articles"."id" = ? LIMIT ?[0m  [["id", 1], ["LIMIT", 1]]
  ↳ app/controllers/articles_controller.rb:15
  Rendering articles/edit.html.erb within layouts/application
  Rendered articles/edit.html.erb within layouts/application (21.5ms)
Completed 200 OK in 273ms (Views: 254.0ms | ActiveRecord: 0.2ms)


Started PATCH "/articles/1" for 127.0.0.1 at 2018-09-04 23:08:29 +0530
Processing by ArticlesController#update as HTML
  Parameters: {"utf8"=>"✓", "authenticity_token"=>"OE8JzuxmBMyMcJwoA+SwLsJ9/z6mkRZPVNcUWmi2aPipVK5LUp2RkBaS/s4qcYofdODfQTkKFvjJeGHGnYAieA==", "article"=>{"title"=>"rails ruby", "text"=>"ruby on rails updated"}, "commit"=>"Update Article", "id"=>"1"}
  [1m[36mArticle Load (0.2ms)[0m  [1m[34mSELECT  "articles".* FROM "articles" WHERE "articles"."id" = ? LIMIT ?[0m  [["id", 1], ["LIMIT", 1]]
  ↳ app/controllers/articles_controller.rb:29
  [1m[35m (0.1ms)[0m  [1m[36mbegin transaction[0m
  ↳ app/controllers/articles_controller.rb:31
  [1m[36mArticle Update (9.8ms)[0m  [1m[33mUPDATE "articles" SET "title" = ?, "updated_at" = ? WHERE "articles"."id" = ?[0m  [["title", "rails ruby"], ["updated_at", "2018-09-04 17:38:29.802998"], ["id", 1]]
  ↳ app/controllers/articles_controller.rb:31
  [1m[35m (6.7ms)[0m  [1m[36mcommit transaction[0m
  ↳ app/controllers/articles_controller.rb:31
Redirected to http://localhost:3000/articles/1
Completed 302 Found in 79ms (ActiveRecord: 16.8ms)


Started GET "/articles/1" for 127.0.0.1 at 2018-09-04 23:08:29 +0530
Processing by ArticlesController#show as HTML
  Parameters: {"id"=>"1"}
  [1m[36mArticle Load (0.2ms)[0m  [1m[34mSELECT  "articles".* FROM "articles" WHERE "articles"."id" = ? LIMIT ?[0m  [["id", 1], ["LIMIT", 1]]
  ↳ app/controllers/articles_controller.rb:7
  Rendering articles/show.html.erb within layouts/application
  Rendered articles/show.html.erb within layouts/application (2.8ms)
Completed 200 OK in 207ms (Views: 199.2ms | ActiveRecord: 0.2ms)


Started GET "/articles" for 127.0.0.1 at 2018-09-04 23:08:32 +0530
Processing by ArticlesController#index as HTML
  Rendering articles/index.html.erb within layouts/application
  [1m[36mArticle Load (0.4ms)[0m  [1m[34mSELECT "articles".* FROM "articles"[0m
  ↳ app/views/articles/index.html.erb:11
  Rendered articles/index.html.erb within layouts/application (16.6ms)
Completed 200 OK in 168ms (Views: 164.6ms | ActiveRecord: 0.4ms)


